--START TIME:'2021-10-07 03:33:45pm	::1'--
true
--END-- 

--START TIME:'2021-10-07 03:33:45pm	::1'--
Job not found !!
--END-- 

--START TIME:'2021-10-07 03:46:53pm	::1'--
false
--END-- 

--START TIME:'2021-10-07 03:46:53pm	::1'--
Job not found !!
--END-- 

--START TIME:'2021-10-07 03:47:11pm	::1'--
false
--END-- 

--START TIME:'2021-10-07 03:47:11pm	::1'--
Job not found !!
--END-- 

--START TIME:'2021-10-07 03:47:28pm	::1'--
true
--END-- 

--START TIME:'2021-10-07 03:47:28pm	::1'--
Job not found !!
--END-- 

